
**** Build of configuration Debug for project i2c ****

"C:\\ti\\ccs930\\ccs\\utils\\bin\\gmake" -k -j 4 all -O 
 
Building file: "../i2c.c"
Invoking: MSP430 Compiler
"C:/ti/ccs930/ccs/tools/compiler/ti-cgt-msp430_18.12.4.LTS/bin/cl430" -vmspx --data_model=restricted --use_hw_mpy=F5 --include_path="C:/ti/ccs930/ccs/ccs_base/msp430/include" --include_path="C:/Users/jeric/OneDrive/Workspace/AACT/RTC/workspace/i2c" --include_path="C:/ti/ccs930/ccs/tools/compiler/ti-cgt-msp430_18.12.4.LTS/include" --advice:power=all --define=__MSP430F5529__ -g --printf_support=minimal --diag_warning=225 --diag_wrap=off --display_error_number --silicon_errata=CPU21 --silicon_errata=CPU22 --silicon_errata=CPU23 --silicon_errata=CPU40 --preproc_with_compile --preproc_dependency="i2c.d_raw"  "../i2c.c"
"../i2c.c", line 201: remark #1544-D: (ULP 13.1) Detected loop counting up. Recommend loops count down as detecting zeros is easier
"../i2c.c", line 228: remark #1527-D: (ULP 2.1) Detected SW delay loop using __delay_cycles. Recommend using a timer module instead
"../i2c.c", line 266: remark #1528-D: (ULP 3.1) Detected flag polling using PMMIFG. Recommend using an interrupt combined with enter LPMx and ISR
"../i2c.c", line 283: remark #1528-D: (ULP 3.1) Detected flag polling using PMMIFG. Recommend using an interrupt combined with enter LPMx and ISR
"../i2c.c", line 307: remark #1528-D: (ULP 3.1) Detected flag polling using PMMIFG. Recommend using an interrupt combined with enter LPMx and ISR
"../i2c.c", line 323: remark #1528-D: (ULP 3.1) Detected flag polling using PMMIFG. Recommend using an interrupt combined with enter LPMx and ISR
"../i2c.c", line 361: remark #1528-D: (ULP 3.1) Detected flag polling using PMMIFG. Recommend using an interrupt combined with enter LPMx and ISR
"../i2c.c", line 437: remark #1530-D: (ULP 5.1) Detected divide operation(s). Recommend moving them to RAM during run time or not using as these are processing/power intensive
"../i2c.c", line 459: remark #1532-D: (ULP 5.3) Detected printf() operation(s). Recommend moving them to RAM during run time or not using as these are processing/power intensive
"../i2c.c", line 461: remark #1532-D: (ULP 5.3) Detected printf() operation(s). Recommend moving them to RAM during run time or not using as these are processing/power intensive
"../i2c.c", line 465: remark #1544-D: (ULP 13.1) Detected loop counting up. Recommend loops count down as detecting zeros is easier
"../i2c.c", line 465: remark #1527-D: (ULP 2.1) Detected SW delay loop using empty loop. Recommend using a timer module instead
"../i2c.c", line 466: remark #1532-D: (ULP 5.3) Detected printf() operation(s). Recommend moving them to RAM during run time or not using as these are processing/power intensive
"../i2c.c", line 468: remark #1544-D: (ULP 13.1) Detected loop counting up. Recommend loops count down as detecting zeros is easier
"../i2c.c", line 468: remark #1527-D: (ULP 2.1) Detected SW delay loop using empty loop. Recommend using a timer module instead
"../i2c.c", line 469: remark #1544-D: (ULP 13.1) Detected loop counting up. Recommend loops count down as detecting zeros is easier
"../i2c.c", line 471: remark #1532-D: (ULP 5.3) Detected printf() operation(s). Recommend moving them to RAM during run time or not using as these are processing/power intensive
"../i2c.c", line 473: remark #1532-D: (ULP 5.3) Detected printf() operation(s). Recommend moving them to RAM during run time or not using as these are processing/power intensive
"../i2c.c", line 474: remark #1544-D: (ULP 13.1) Detected loop counting up. Recommend loops count down as detecting zeros is easier
"../i2c.c", line 474: remark #1527-D: (ULP 2.1) Detected SW delay loop using empty loop. Recommend using a timer module instead
"../i2c.c", line 477: remark #1544-D: (ULP 13.1) Detected loop counting up. Recommend loops count down as detecting zeros is easier
"../i2c.c", line 477: remark #1527-D: (ULP 2.1) Detected SW delay loop using empty loop. Recommend using a timer module instead
"../i2c.c", line 479: remark #1532-D: (ULP 5.3) Detected printf() operation(s). Recommend moving them to RAM during run time or not using as these are processing/power intensive
"../i2c.c", line 481: remark #1544-D: (ULP 13.1) Detected loop counting up. Recommend loops count down as detecting zeros is easier
"../i2c.c", line 481: remark #1527-D: (ULP 2.1) Detected SW delay loop using empty loop. Recommend using a timer module instead
"../i2c.c", line 482: remark #1544-D: (ULP 13.1) Detected loop counting up. Recommend loops count down as detecting zeros is easier
"../i2c.c", line 484: remark #1532-D: (ULP 5.3) Detected printf() operation(s). Recommend moving them to RAM during run time or not using as these are processing/power intensive
"../i2c.c", line 501: remark #1532-D: (ULP 5.3) Detected printf() operation(s). Recommend moving them to RAM during run time or not using as these are processing/power intensive
"../i2c.c", line 449: remark #1535-D: (ULP 8.1) variable "second_off" is used as a constant. Recommend declaring variable as either 'static const' or 'const'
"../i2c.c", line 450: remark #1535-D: (ULP 8.1) variable "minute" is used as a constant. Recommend declaring variable as either 'static const' or 'const'
"../i2c.c", line 451: remark #1535-D: (ULP 8.1) variable "hour" is used as a constant. Recommend declaring variable as either 'static const' or 'const'
"../i2c.c", line 452: remark #1535-D: (ULP 8.1) variable "weekday" is used as a constant. Recommend declaring variable as either 'static const' or 'const'
"../i2c.c", line 453: remark #1535-D: (ULP 8.1) variable "monthday" is used as a constant. Recommend declaring variable as either 'static const' or 'const'
"../i2c.c", line 454: remark #1535-D: (ULP 8.1) variable "month" is used as a constant. Recommend declaring variable as either 'static const' or 'const'
"../i2c.c", line 455: remark #1535-D: (ULP 8.1) variable "year" is used as a constant. Recommend declaring variable as either 'static const' or 'const'
"../i2c.c", line 569: remark #1527-D: (ULP 2.1) Detected SW delay loop using empty loop. Recommend using a timer module instead
Finished building: "../i2c.c"
 
Building target: "i2c.out"
Invoking: MSP430 Linker
"C:/ti/ccs930/ccs/tools/compiler/ti-cgt-msp430_18.12.4.LTS/bin/cl430" -vmspx --data_model=restricted --use_hw_mpy=F5 --advice:power=all --define=__MSP430F5529__ -g --printf_support=minimal --diag_warning=225 --diag_wrap=off --display_error_number --silicon_errata=CPU21 --silicon_errata=CPU22 --silicon_errata=CPU23 --silicon_errata=CPU40 -z -m"i2c.map" --heap_size=300 --stack_size=160 --cinit_hold_wdt=on -i"C:/ti/ccs930/ccs/ccs_base/msp430/include" -i"C:/ti/ccs930/ccs/ccs_base/msp430/lib/5xx_6xx_FRxx" -i"C:/ti/ccs930/ccs/tools/compiler/ti-cgt-msp430_18.12.4.LTS/lib" -i"C:/ti/ccs930/ccs/tools/compiler/ti-cgt-msp430_18.12.4.LTS/include" --reread_libs --diag_wrap=off --display_error_number --warn_sections --xml_link_info="i2c_linkInfo.xml" --use_hw_mpy=F5 --rom_model -o "i2c.out" "./hello.obj" "./i2c.obj" "../lnk_msp430f5529.cmd"  -llibmath.a -llibc.a 
<Linking>
remark #10372-D: (ULP 4.1) Detected uninitialized Port A in this project. Recommend initializing all unused ports to eliminate wasted current consumption on unused pins.
remark #10372-D: (ULP 4.1) Detected uninitialized Port C in this project. Recommend initializing all unused ports to eliminate wasted current consumption on unused pins.
remark #10372-D: (ULP 4.1) Detected uninitialized Port D in this project. Recommend initializing all unused ports to eliminate wasted current consumption on unused pins.
Finished building target: "i2c.out"
 

**** Build Finished ****
